TN:
SF:src\circuits\circuits.core.test.ts
FN:7,(anonymous_0)
FN:8,(anonymous_1)
FN:9,(anonymous_2)
FN:41,(anonymous_3)
FN:62,(anonymous_4)
FN:66,(anonymous_5)
FN:71,(anonymous_6)
FN:72,(anonymous_7)
FN:91,(anonymous_8)
FNF:9
FNH:9
FNDA:1,(anonymous_0)
FNDA:1,(anonymous_1)
FNDA:1,(anonymous_2)
FNDA:1,(anonymous_3)
FNDA:1,(anonymous_4)
FNDA:1,(anonymous_5)
FNDA:1,(anonymous_6)
FNDA:1,(anonymous_7)
FNDA:1,(anonymous_8)
DA:6,1
DA:7,1
DA:8,1
DA:9,1
DA:10,1
DA:36,1
DA:37,1
DA:38,1
DA:41,1
DA:42,1
DA:56,1
DA:57,1
DA:58,1
DA:59,1
DA:62,1
DA:63,1
DA:66,1
DA:67,1
DA:71,1
DA:72,1
DA:74,1
DA:86,1
DA:87,1
DA:88,1
DA:91,1
DA:92,1
LF:26
LH:26
BRF:0
BRH:0
end_of_record
TN:
SF:src\circuits\circuits.core.ts
FN:18,(anonymous_0)
FN:20,(anonymous_1)
FN:37,(anonymous_2)
FN:38,(anonymous_3)
FN:53,(anonymous_4)
FN:55,(anonymous_5)
FN:60,(anonymous_6)
FN:64,(anonymous_7)
FNF:8
FNH:8
FNDA:15,(anonymous_0)
FNDA:1155,(anonymous_1)
FNDA:154,(anonymous_2)
FNDA:154,(anonymous_3)
FNDA:4,(anonymous_4)
FNDA:204,(anonymous_5)
FNDA:4,(anonymous_6)
FNDA:4,(anonymous_7)
DA:18,2
DA:19,15
DA:20,15
DA:21,1155
DA:35,15
DA:36,4
DA:37,2
DA:38,154
DA:39,154
DA:40,0
DA:42,154
DA:46,2
DA:47,1
DA:49,11
DA:53,2
DA:54,4
DA:55,204
DA:56,4
DA:57,2
DA:60,2
DA:61,4
DA:62,4
DA:63,4
DA:64,4
LF:24
LH:23
BRDA:35,0,0,4
BRDA:35,0,1,11
BRDA:36,1,0,2
BRDA:36,1,1,2
BRDA:39,2,0,0
BRDA:39,2,1,154
BRDA:46,3,0,1
BRDA:46,3,1,1
BRDA:56,4,0,2
BRDA:56,4,1,2
BRF:10
BRH:9
end_of_record
TN:
SF:src\circuits\circuits.integration.test.ts
FN:10,(anonymous_0)
FN:11,(anonymous_1)
FN:12,(anonymous_2)
FNF:3
FNH:2
FNDA:1,(anonymous_0)
FNDA:1,(anonymous_1)
FNDA:0,(anonymous_2)
DA:6,1
DA:10,1
DA:11,1
DA:12,1
DA:14,0
DA:15,0
DA:16,0
LF:7
LH:4
BRF:0
BRH:0
end_of_record
TN:
SF:src\circuits\circuits.model.ts
FN:3,(anonymous_0)
FN:6,(anonymous_1)
FNF:2
FNH:2
FNDA:15,(anonymous_0)
FNDA:1155,(anonymous_1)
DA:3,2
DA:4,15
DA:5,15
DA:6,15
DA:7,1155
DA:9,15
LF:6
LH:6
BRF:0
BRH:0
end_of_record
TN:
SF:src\circuits\circuits.router.test.ts
FN:9,(anonymous_0)
FN:10,(anonymous_1)
FN:16,(anonymous_2)
FN:22,(anonymous_3)
FN:28,(anonymous_4)
FN:34,(anonymous_5)
FNF:6
FNH:6
FNDA:1,(anonymous_0)
FNDA:1,(anonymous_1)
FNDA:1,(anonymous_2)
FNDA:1,(anonymous_3)
FNDA:1,(anonymous_4)
FNDA:1,(anonymous_5)
DA:6,1
DA:7,1
DA:9,1
DA:10,1
DA:11,1
DA:16,1
DA:17,1
DA:19,1
DA:22,1
DA:23,1
DA:25,1
DA:28,1
DA:29,1
DA:31,1
DA:34,1
DA:35,1
DA:37,1
LF:17
LH:17
BRF:0
BRH:0
end_of_record
TN:
SF:src\circuits\circuits.router.ts
FN:4,(anonymous_0)
FN:9,(anonymous_1)
FN:30,(anonymous_2)
FNF:3
FNH:3
FNDA:1,(anonymous_0)
FNDA:3,(anonymous_1)
FNDA:2,(anonymous_2)
DA:4,1
DA:5,1
DA:6,1
DA:7,1
DA:9,1
DA:11,3
DA:12,3
DA:13,1
DA:14,1
DA:16,2
DA:19,1
DA:20,0
DA:21,1
DA:22,1
DA:24,0
DA:27,3
DA:30,1
DA:31,2
DA:33,2
DA:34,2
DA:36,1
DA:37,1
DA:39,0
DA:42,2
DA:45,1
LF:25
LH:22
BRDA:12,0,0,1
BRDA:12,0,1,2
BRDA:19,1,0,0
BRDA:19,1,1,1
BRDA:21,2,0,1
BRDA:21,2,1,0
BRDA:36,3,0,1
BRDA:36,3,1,0
BRF:8
BRH:5
end_of_record
TN:
SF:src\drivers\drivers.core.test.ts
FN:8,(anonymous_0)
FN:9,(anonymous_1)
FN:48,(anonymous_2)
FN:85,(anonymous_3)
FN:89,(anonymous_4)
FNF:5
FNH:1
FNDA:1,(anonymous_0)
FNDA:0,(anonymous_1)
FNDA:0,(anonymous_2)
FNDA:0,(anonymous_3)
FNDA:0,(anonymous_4)
DA:6,1
DA:8,1
DA:9,1
DA:10,0
DA:43,0
DA:44,0
DA:45,0
DA:48,1
DA:50,0
DA:81,0
DA:82,0
DA:85,1
DA:86,0
DA:89,1
DA:90,0
DA:123,0
DA:124,0
DA:125,0
LF:18
LH:6
BRF:0
BRH:0
end_of_record
TN:
SF:src\drivers\drivers.core.ts
FN:36,(anonymous_0)
FN:38,(anonymous_1)
FN:74,(anonymous_2)
FN:75,(anonymous_3)
FN:90,(anonymous_4)
FN:94,(anonymous_5)
FN:97,(anonymous_6)
FN:99,(anonymous_7)
FNF:8
FNH:6
FNDA:6,(anonymous_0)
FNDA:5418,(anonymous_1)
FNDA:0,(anonymous_2)
FNDA:0,(anonymous_3)
FNDA:1,(anonymous_4)
FNDA:1,(anonymous_5)
FNDA:2,(anonymous_6)
FNDA:1458,(anonymous_7)
DA:36,2
DA:37,6
DA:38,6
DA:39,5418
DA:72,6
DA:73,1
DA:74,0
DA:75,0
DA:76,0
DA:77,0
DA:79,0
DA:83,0
DA:84,0
DA:86,5
DA:90,2
DA:91,1
DA:92,1
DA:93,1
DA:94,1
DA:97,2
DA:98,2
DA:99,1458
DA:100,2
DA:101,1
DA:103,1
LF:25
LH:18
BRDA:72,0,0,1
BRDA:72,0,1,5
BRDA:73,1,0,1
BRDA:73,1,1,0
BRDA:76,2,0,0
BRDA:76,2,1,0
BRDA:76,3,0,0
BRDA:76,3,1,0
BRDA:76,3,2,0
BRDA:76,3,3,0
BRDA:76,3,4,0
BRDA:76,3,5,0
BRDA:76,3,6,0
BRDA:76,3,7,0
BRDA:76,3,8,0
BRDA:76,3,9,0
BRDA:76,3,10,0
BRDA:76,3,11,0
BRDA:76,3,12,0
BRDA:83,4,0,0
BRDA:83,4,1,0
BRDA:100,5,0,1
BRDA:100,5,1,1
BRF:23
BRH:5
end_of_record
TN:
SF:src\drivers\drivers.integration.test.ts
FN:10,(anonymous_0)
FN:11,(anonymous_1)
FN:12,(anonymous_2)
FN:17,(anonymous_3)
FN:28,(anonymous_4)
FN:43,(anonymous_5)
FN:57,(anonymous_6)
FN:67,(anonymous_7)
FN:70,(anonymous_8)
FN:78,(anonymous_9)
FN:79,(anonymous_10)
FN:90,(anonymous_11)
FNF:12
FNH:12
FNDA:1,(anonymous_0)
FNDA:1,(anonymous_1)
FNDA:1,(anonymous_2)
FNDA:1,(anonymous_3)
FNDA:1,(anonymous_4)
FNDA:1,(anonymous_5)
FNDA:1,(anonymous_6)
FNDA:2,(anonymous_7)
FNDA:2,(anonymous_8)
FNDA:1,(anonymous_9)
FNDA:1,(anonymous_10)
FNDA:1,(anonymous_11)
DA:6,1
DA:10,1
DA:11,1
DA:12,1
DA:13,1
DA:14,1
DA:17,1
DA:18,1
DA:19,1
DA:20,1
DA:21,1
DA:22,1
DA:23,1
DA:28,1
DA:29,1
DA:30,1
DA:31,1
DA:35,1
DA:36,1
DA:39,1
DA:43,1
DA:44,1
DA:45,1
DA:46,1
DA:47,0
DA:49,1
DA:50,1
DA:53,1
DA:57,1
DA:58,1
DA:59,1
DA:62,1
DA:66,1
DA:67,2
DA:69,1
DA:70,2
DA:72,1
DA:78,1
DA:79,1
DA:80,1
DA:81,1
DA:82,1
DA:85,1
DA:86,1
DA:87,1
DA:90,1
DA:91,1
DA:92,1
DA:93,1
DA:95,1
DA:96,1
DA:99,1
LF:52
LH:51
BRF:0
BRH:0
end_of_record
TN:
SF:src\drivers\drivers.model.ts
FN:3,(anonymous_0)
FN:6,(anonymous_1)
FNF:2
FNH:2
FNDA:6,(anonymous_0)
FNDA:5418,(anonymous_1)
DA:3,2
DA:4,6
DA:5,6
DA:6,6
DA:7,5418
DA:9,6
LF:6
LH:6
BRF:0
BRH:0
end_of_record
TN:
SF:src\drivers\drivers.router.test.ts
FN:9,(anonymous_0)
FN:10,(anonymous_1)
FN:16,(anonymous_2)
FN:22,(anonymous_3)
FN:28,(anonymous_4)
FN:34,(anonymous_5)
FNF:6
FNH:6
FNDA:1,(anonymous_0)
FNDA:1,(anonymous_1)
FNDA:1,(anonymous_2)
FNDA:1,(anonymous_3)
FNDA:1,(anonymous_4)
FNDA:1,(anonymous_5)
DA:3,1
DA:4,1
DA:6,1
DA:7,1
DA:9,1
DA:10,1
DA:11,1
DA:16,1
DA:17,1
DA:19,1
DA:22,1
DA:23,1
DA:25,1
DA:28,1
DA:29,1
DA:31,1
DA:34,1
DA:35,1
DA:37,1
LF:19
LH:19
BRF:0
BRH:0
end_of_record
TN:
SF:src\drivers\drivers.router.ts
FN:4,(anonymous_0)
FN:9,(anonymous_1)
FN:30,(anonymous_2)
FNF:3
FNH:3
FNDA:1,(anonymous_0)
FNDA:3,(anonymous_1)
FNDA:2,(anonymous_2)
DA:4,1
DA:5,1
DA:6,1
DA:7,1
DA:9,1
DA:11,3
DA:12,3
DA:13,1
DA:14,1
DA:16,2
DA:19,1
DA:20,0
DA:21,1
DA:22,1
DA:24,0
DA:27,3
DA:30,1
DA:31,2
DA:33,2
DA:34,2
DA:36,1
DA:37,1
DA:39,0
DA:42,2
LF:24
LH:21
BRDA:12,0,0,1
BRDA:12,0,1,2
BRDA:19,1,0,0
BRDA:19,1,1,1
BRDA:21,2,0,1
BRDA:21,2,1,0
BRDA:36,3,0,1
BRDA:36,3,1,0
BRF:8
BRH:5
end_of_record
