TN:
SF:src/app.test.ts
FN:4,(anonymous_0)
FN:7,(anonymous_1)
FN:11,(anonymous_2)
FN:15,(anonymous_3)
FNF:4
FNH:4
FNDA:1,(anonymous_0)
FNDA:1,(anonymous_1)
FNDA:1,(anonymous_2)
FNDA:1,(anonymous_3)
DA:4,1
DA:7,1
DA:8,1
DA:11,1
DA:12,1
DA:15,1
DA:16,1
LF:7
LH:7
BRF:0
BRH:0
end_of_record
TN:
SF:src/app.ts
FN:23,(anonymous_0)
FNF:1
FNH:1
FNDA:1,(anonymous_0)
DA:8,1
DA:12,1
DA:13,1
DA:15,1
DA:16,1
DA:17,1
DA:23,1
DA:24,1
DA:25,1
LF:9
LH:9
BRF:0
BRH:0
end_of_record
TN:
SF:src/plugins/jwtAuth.ts
FN:9,(anonymous_0)
FN:12,(anonymous_1)
FN:25,(anonymous_2)
FN:26,(anonymous_3)
FNF:4
FNH:1
FNDA:6,(anonymous_0)
FNDA:0,(anonymous_1)
FNDA:0,(anonymous_2)
FNDA:0,(anonymous_3)
DA:10,6
DA:13,0
DA:14,0
DA:16,0
DA:17,0
DA:18,0
DA:23,6
DA:26,0
DA:27,0
DA:28,0
DA:31,0
DA:33,0
DA:34,0
DA:39,0
LF:14
LH:2
BRDA:18,0,0,0
BRDA:18,0,1,0
BRDA:27,1,0,0
BRDA:27,1,1,0
BRDA:33,2,0,0
BRDA:33,2,1,0
BRF:6
BRH:0
end_of_record
TN:
SF:src/routes/getRoot.test.ts
FN:4,(anonymous_0)
FN:7,(anonymous_1)
FN:11,(anonymous_2)
FNF:3
FNH:3
FNDA:1,(anonymous_0)
FNDA:1,(anonymous_1)
FNDA:1,(anonymous_2)
DA:4,1
DA:7,1
DA:8,1
DA:11,1
DA:12,1
DA:17,1
DA:18,1
LF:7
LH:7
BRF:0
BRH:0
end_of_record
TN:
SF:src/routes/getRoot.ts
FN:3,getRoot
FN:4,(anonymous_1)
FNF:2
FNH:2
FNDA:6,getRoot
FNDA:1,(anonymous_1)
DA:4,6
DA:5,1
LF:2
LH:2
BRF:0
BRH:0
end_of_record
TN:
SF:src/routes/health.test.ts
FN:5,(anonymous_0)
FN:8,(anonymous_1)
FN:12,(anonymous_2)
FN:22,(anonymous_3)
FNF:4
FNH:4
FNDA:1,(anonymous_0)
FNDA:1,(anonymous_1)
FNDA:1,(anonymous_2)
FNDA:1,(anonymous_3)
DA:5,1
DA:8,1
DA:9,1
DA:12,1
DA:13,1
DA:18,1
DA:19,1
DA:22,1
DA:23,1
DA:25,1
DA:30,1
DA:31,1
LF:12
LH:12
BRF:0
BRH:0
end_of_record
TN:
SF:src/routes/health.ts
FN:4,getHealth
FN:5,(anonymous_1)
FNF:2
FNH:2
FNDA:6,getHealth
FNDA:2,(anonymous_1)
DA:5,6
DA:7,2
DA:9,2
DA:10,1
DA:12,1
LF:5
LH:5
BRDA:9,0,0,1
BRDA:9,0,1,1
BRF:2
BRH:2
end_of_record
TN:
SF:src/routes/metrics.ts
FN:4,getMetrics
FNF:1
FNH:1
FNDA:6,getMetrics
DA:5,6
LF:1
LH:1
BRF:0
BRH:0
end_of_record
TN:
SF:src/routes/routes.ts
FN:10,(anonymous_0)
FNF:1
FNH:1
FNDA:6,(anonymous_0)
DA:10,6
DA:11,6
DA:12,6
DA:13,6
DA:14,6
DA:16,6
DA:17,6
DA:18,6
LF:8
LH:8
BRF:0
BRH:0
end_of_record
TN:
SF:src/routes/circuits/CircuitSchema.ts
FNF:0
FNH:0
DA:3,6
LF:1
LH:1
BRF:0
BRH:0
end_of_record
TN:
SF:src/routes/circuits/circuits.get.test.ts
FN:4,(anonymous_0)
FN:7,(anonymous_1)
FN:12,(anonymous_2)
FN:22,(anonymous_3)
FN:32,(anonymous_4)
FN:42,(anonymous_5)
FNF:6
FNH:6
FNDA:1,(anonymous_0)
FNDA:1,(anonymous_1)
FNDA:1,(anonymous_2)
FNDA:1,(anonymous_3)
FNDA:1,(anonymous_4)
FNDA:1,(anonymous_5)
DA:4,1
DA:7,1
DA:8,1
DA:9,1
DA:12,1
DA:13,1
DA:18,1
DA:19,1
DA:22,1
DA:23,1
DA:28,1
DA:29,1
DA:32,1
DA:33,1
DA:38,1
DA:39,1
DA:42,1
DA:43,1
DA:48,1
DA:49,1
DA:50,1
LF:21
LH:21
BRF:0
BRH:0
end_of_record
TN:
SF:src/routes/circuits/circuits.get.ts
FN:18,(anonymous_0)
FN:42,(anonymous_1)
FN:51,(anonymous_2)
FN:60,(anonymous_3)
FN:61,(anonymous_4)
FNF:5
FNH:5
FNDA:6,(anonymous_0)
FNDA:4,(anonymous_1)
FNDA:3,(anonymous_2)
FNDA:154,(anonymous_3)
FNDA:154,(anonymous_4)
DA:12,6
DA:18,6
DA:19,6
DA:43,4
DA:44,4
DA:46,4
DA:47,3
DA:48,3
DA:50,3
DA:52,3
DA:55,1
DA:60,2
DA:61,154
DA:64,2
DA:65,1
DA:70,1
DA:73,1
DA:75,0
DA:76,0
LF:19
LH:17
BRDA:46,0,0,3
BRDA:46,0,1,1
BRDA:46,1,0,4
BRDA:46,1,1,4
BRDA:50,2,0,1
BRDA:50,2,1,2
BRDA:64,3,0,1
BRDA:64,3,1,1
BRF:8
BRH:8
end_of_record
TN:
SF:src/routes/circuits/circuits.model.ts
FN:4,(anonymous_0)
FN:7,(anonymous_1)
FNF:2
FNH:2
FNDA:4,(anonymous_0)
FNDA:308,(anonymous_1)
DA:4,6
DA:5,4
DA:7,308
DA:13,4
LF:4
LH:4
BRF:0
BRH:0
end_of_record
TN:
SF:src/routes/constructors/ConstructorSchema.ts
FNF:0
FNH:0
DA:3,6
LF:1
LH:1
BRF:0
BRH:0
end_of_record
TN:
SF:src/routes/constructors/constructors.get.test.ts
FN:4,(anonymous_0)
FN:7,(anonymous_1)
FN:12,(anonymous_2)
FN:22,(anonymous_3)
FN:32,(anonymous_4)
FN:42,(anonymous_5)
FNF:6
FNH:6
FNDA:1,(anonymous_0)
FNDA:1,(anonymous_1)
FNDA:1,(anonymous_2)
FNDA:1,(anonymous_3)
FNDA:1,(anonymous_4)
FNDA:1,(anonymous_5)
DA:4,1
DA:7,1
DA:8,1
DA:9,1
DA:12,1
DA:13,1
DA:18,1
DA:19,1
DA:22,1
DA:23,1
DA:28,1
DA:29,1
DA:32,1
DA:33,1
DA:38,1
DA:39,1
DA:42,1
DA:43,1
DA:48,1
DA:49,1
DA:50,1
LF:21
LH:21
BRF:0
BRH:0
end_of_record
TN:
SF:src/routes/constructors/constructors.get.ts
FN:18,(anonymous_0)
FN:42,(anonymous_1)
FN:53,(anonymous_2)
FN:63,(anonymous_3)
FN:65,(anonymous_4)
FNF:5
FNH:5
FNDA:6,(anonymous_0)
FNDA:4,(anonymous_1)
FNDA:3,(anonymous_2)
FNDA:368,(anonymous_3)
FNDA:368,(anonymous_4)
DA:12,6
DA:18,6
DA:19,6
DA:43,4
DA:44,4
DA:46,4
DA:47,3
DA:48,3
DA:52,3
DA:54,3
DA:57,1
DA:62,2
DA:64,368
DA:65,368
DA:70,2
DA:71,1
DA:76,1
DA:81,1
DA:83,0
DA:84,0
LF:20
LH:18
BRDA:46,0,0,3
BRDA:46,0,1,1
BRDA:46,1,0,4
BRDA:46,1,1,4
BRDA:52,2,0,1
BRDA:52,2,1,2
BRDA:70,3,0,1
BRDA:70,3,1,1
BRF:8
BRH:8
end_of_record
TN:
SF:src/routes/constructors/constructors.model.ts
FN:4,getConstructorsFromDb
FN:7,(anonymous_1)
FNF:2
FNH:2
FNDA:4,getConstructorsFromDb
FNDA:736,(anonymous_1)
DA:5,4
DA:7,4
DA:8,736
DA:30,4
LF:4
LH:4
BRF:0
BRH:0
end_of_record
TN:
SF:src/routes/drivers/DriverSchema.ts
FNF:0
FNH:0
DA:3,6
LF:1
LH:1
BRF:0
BRH:0
end_of_record
TN:
SF:src/routes/drivers/drivers.get.test.ts
FN:4,(anonymous_0)
FN:7,(anonymous_1)
FN:12,(anonymous_2)
FN:22,(anonymous_3)
FN:32,(anonymous_4)
FN:42,(anonymous_5)
FN:53,(anonymous_6)
FNF:7
FNH:7
FNDA:1,(anonymous_0)
FNDA:1,(anonymous_1)
FNDA:1,(anonymous_2)
FNDA:1,(anonymous_3)
FNDA:1,(anonymous_4)
FNDA:1,(anonymous_5)
FNDA:1,(anonymous_6)
DA:4,1
DA:7,1
DA:8,1
DA:9,1
DA:12,1
DA:13,1
DA:18,1
DA:19,1
DA:22,1
DA:23,1
DA:28,1
DA:29,1
DA:32,1
DA:33,1
DA:38,1
DA:39,1
DA:42,1
DA:43,1
DA:48,1
DA:49,1
DA:50,1
DA:53,1
DA:54,1
DA:59,1
DA:60,1
DA:61,1
LF:26
LH:26
BRF:0
BRH:0
end_of_record
TN:
SF:src/routes/drivers/drivers.get.ts
FN:18,(anonymous_0)
FN:42,(anonymous_1)
FN:51,(anonymous_2)
FN:60,(anonymous_3)
FN:62,(anonymous_4)
FNF:5
FNH:5
FNDA:6,(anonymous_0)
FNDA:5,(anonymous_1)
FNDA:4,(anonymous_2)
FNDA:2718,(anonymous_3)
FNDA:2718,(anonymous_4)
DA:12,6
DA:18,6
DA:19,6
DA:43,5
DA:44,5
DA:46,5
DA:47,4
DA:48,4
DA:50,4
DA:52,4
DA:55,1
DA:60,3
DA:61,2718
DA:63,2718
DA:68,3
DA:69,1
DA:74,2
DA:76,1
DA:79,0
DA:80,0
LF:20
LH:18
BRDA:46,0,0,4
BRDA:46,0,1,1
BRDA:46,1,0,5
BRDA:46,1,1,5
BRDA:50,2,0,1
BRDA:50,2,1,3
BRDA:68,3,0,1
BRDA:68,3,1,2
BRF:8
BRH:8
end_of_record
TN:
SF:src/routes/drivers/drivers.model.ts
FN:4,(anonymous_0)
FN:7,(anonymous_1)
FNF:2
FNH:2
FNDA:5,(anonymous_0)
FNDA:4530,(anonymous_1)
DA:4,6
DA:5,5
DA:7,4530
DA:15,5
LF:4
LH:4
BRDA:10,0,0,4530
BRDA:10,0,1,2030
BRF:2
BRH:2
end_of_record
TN:
SF:src/utils/Error.ts
FNF:0
FNH:0
DA:3,6
DA:7,6
LF:2
LH:2
BRF:0
BRH:0
end_of_record
TN:
SF:src/utils/random-string.ts
FN:1,(anonymous_0)
FNF:1
FNH:0
FNDA:0,(anonymous_0)
DA:1,0
DA:2,0
DA:3,0
DA:4,0
DA:5,0
DA:6,0
DA:7,0
DA:9,0
LF:8
LH:0
BRDA:3,0,0,0
BRDA:3,0,1,0
BRF:2
BRH:0
end_of_record
